{
  "RSpec": {
    "coverage": {
      "/Users/palyrex/Desktop/projects/week_2/takeaway/lib/customer.rb": [
        1,
        null,
        null
      ],
      "/Users/palyrex/Desktop/projects/week_2/takeaway/lib/Dish.rb": [
        1,
        null,
        null
      ],
      "/Users/palyrex/Desktop/projects/week_2/takeaway/lib/menu.rb": [
        1,
        null,
        1,
        1,
        null,
        null
      ],
      "/Users/palyrex/Desktop/projects/week_2/takeaway/lib/menu_container.rb": [
        1,
        null,
        1,
        17,
        null,
        null,
        1,
        2,
        null,
        null,
        1,
        10,
        null,
        null,
        1,
        2,
        null,
        null,
        null
      ],
      "/Users/palyrex/Desktop/projects/week_2/takeaway/lib/order.rb": [
        1,
        null,
        1,
        1,
        null,
        1,
        6,
        null,
        null,
        1,
        3,
        1,
        null,
        null,
        1,
        2,
        null,
        null,
        1,
        1,
        null,
        null
      ],
      "/Users/palyrex/Desktop/projects/week_2/takeaway/lib/takeaway.rb": [
        1,
        null,
        1,
        null,
        1,
        1,
        null,
        1,
        null,
        1,
        null,
        1,
        2,
        null,
        null,
        1,
        1,
        1,
        null,
        null,
        1,
        2,
        0,
        null,
        null,
        null,
        null
      ]
    },
    "timestamp": 1423437522
  }
}
