{
  "RSpec": {
    "coverage": {
      "/Users/palyrex/Desktop/projects/week_2/takeaway/lib/customer.rb": [
        1,
        null,
        1,
        1,
        null,
        null,
        1,
        1,
        null,
        null,
        1,
        1,
        null,
        null
      ],
      "/Users/palyrex/Desktop/projects/week_2/takeaway/lib/Dish.rb": [
        1,
        null,
        null
      ],
      "/Users/palyrex/Desktop/projects/week_2/takeaway/lib/menu.rb": [
        1,
        null,
        1,
        1,
        null,
        1,
        1,
        null,
        null
      ],
      "/Users/palyrex/Desktop/projects/week_2/takeaway/lib/menu_container.rb": [
        1,
        null,
        1,
        15,
        null,
        null,
        1,
        8,
        null,
        null,
        1,
        4,
        null,
        null,
        null
      ],
      "/Users/palyrex/Desktop/projects/week_2/takeaway/lib/message.rb": [
        1,
        null,
        1,
        null,
        1,
        1,
        1,
        null,
        1,
        null,
        1,
        2,
        null,
        null,
        2,
        null,
        null,
        null
      ],
      "/Users/palyrex/Desktop/projects/week_2/takeaway/lib/order.rb": [
        1,
        null,
        1,
        1,
        null,
        1,
        7,
        null,
        null,
        1,
        1,
        2,
        null,
        1,
        null,
        null,
        1,
        2,
        null,
        null,
        1,
        1,
        null,
        null
      ],
      "/Users/palyrex/Desktop/projects/week_2/takeaway/lib/takeaway.rb": [
        1,
        null,
        1,
        null,
        1,
        1,
        null,
        null,
        null,
        1,
        1,
        1,
        null,
        null
      ]
    },
    "timestamp": 1423431234
  }
}
